2018-05-17T13:48:09.794Z - normal: Load ~/.CocosCreator/settings.json
2018-05-17T13:48:09.798Z - normal: checking language setting...
2018-05-17T13:48:09.799Z - normal: Language: zh
2018-05-17T13:48:12.376Z - success: protocol editor-framework registered
2018-05-17T13:48:12.376Z - success: protocol app registered
2018-05-17T13:48:12.377Z - success: protocol theme registered
2018-05-17T13:48:12.377Z - success: protocol packages registered
2018-05-17T13:48:12.377Z - success: protocol unpack registerred
2018-05-17T13:48:12.378Z - success: protocol disable-commonjs registerred
2018-05-17T13:48:12.500Z - normal: connected!
2018-05-17T13:48:12.506Z - normal: Check project E:\TSDemo
2018-05-17T13:48:12.531Z - normal: Initializing Cocos2d
2018-05-17T13:48:13.052Z - normal: Initializing Asset Database
2018-05-17T13:48:13.102Z - success: protocol uuid registerred
2018-05-17T13:48:13.102Z - success: protocol db registerred
2018-05-17T13:48:13.102Z - success: protocol thumbnail registerred
2018-05-17T13:48:13.102Z - normal: Loading editor/builtin packages
2018-05-17T13:48:13.205Z - success: anysdk loaded
2018-05-17T13:48:13.406Z - success: assets loaded
2018-05-17T13:48:13.409Z - success: builder loaded
2018-05-17T13:48:13.412Z - success: cocos-analytics loaded
2018-05-17T13:48:13.416Z - success: console loaded
2018-05-17T13:48:13.453Z - success: fb-instant-games loaded
2018-05-17T13:48:13.457Z - success: hierarchy loaded
2018-05-17T13:48:13.460Z - success: inspector loaded
2018-05-17T13:48:13.468Z - success: keystore loaded
2018-05-17T13:48:13.472Z - success: node-library loaded
2018-05-17T13:48:13.479Z - success: package-asset loaded
2018-05-17T13:48:13.483Z - success: preferences loaded
2018-05-17T13:48:13.485Z - success: project-exporter loaded
2018-05-17T13:48:13.501Z - success: project-importer loaded
2018-05-17T13:48:13.504Z - success: project-settings loaded
2018-05-17T13:48:13.507Z - success: ui-kit loaded
2018-05-17T13:48:13.510Z - success: ui-grid loaded
2018-05-17T13:48:13.516Z - success: scene loaded
2018-05-17T13:48:13.518Z - success: sprite-editor loaded
2018-05-17T13:48:13.521Z - success: store loaded
2018-05-17T13:48:13.525Z - success: timeline loaded
2018-05-17T13:48:13.525Z - normal: Loading builtin packages
2018-05-17T13:48:13.534Z - success: asset-db-debugger loaded
2018-05-17T13:48:13.536Z - success: code-editor loaded
2018-05-17T13:48:13.542Z - success: color-picker loaded
2018-05-17T13:48:13.545Z - success: package-manager loaded
2018-05-17T13:48:13.550Z - success: sdkbox loaded
2018-05-17T13:48:13.552Z - success: tester loaded
2018-05-17T13:48:13.554Z - success: ui-kit-preview-extra loaded
2018-05-17T13:48:13.555Z - success: ui-kit-preview loaded
2018-05-17T13:48:13.557Z - success: ui-tree loaded
2018-05-17T13:48:14.896Z - normal: Initializing project E:\TSDemo
2018-05-17T13:48:14.899Z - normal: Loading packages
2018-05-17T13:48:14.905Z - normal: Watching packages
2018-05-17T13:48:14.925Z - normal: Run Application
2018-05-17T13:48:15.948Z - warn: [db-task][init] Backup unused meta file: db://assets/resources/font.meta
2018-05-17T13:48:15.953Z - warn: [db-task][init] Backup unused meta file: db://assets/scripts/platform/Android.meta
2018-05-17T13:48:15.954Z - warn: [db-task][init] Backup unused meta file: db://assets/scripts/platform/iOS.meta
2018-05-17T13:48:15.956Z - warn: [db-task][init] Backup unused meta file: db://assets/scripts/platform/web.meta
2018-05-17T13:48:31.481Z - success: preview server running at http://localhost:7456
2018-05-17T13:48:38.978Z - normal: 1.9.0
2018-05-17T13:48:39.894Z - normal: No need to specify the "type" of "R.path._scale" because cc.Vec2 is a child class of ValueType.
2018-05-17T13:48:39.895Z - normal: No need to specify the "type" of "R.path._position" because cc.Vec2 is a child class of ValueType.
2018-05-17T13:48:40.008Z - normal: No need to specify the "type" of "R.group._scale" because cc.Vec2 is a child class of ValueType.
2018-05-17T13:48:40.009Z - normal: No need to specify the "type" of "R.group._position" because cc.Vec2 is a child class of ValueType.
2018-05-17T13:48:40.021Z - normal: cacheStr : {}
2018-05-17T13:48:40.045Z - warn: ctor of CCClass 'undefined' should not accept any arguments.
2018-05-17T13:48:40.047Z - warn: ctor of CCClass 'undefined' should not accept any arguments.
2018-05-17T13:48:40.074Z - warn: Please specifiy a default value for "blockSpriteFrames" property at its declaration: 😂
    // Before:
    @property(...)
    value;

    // After:
    @property(...)
    value = 0;
2018-05-17T13:48:40.081Z - warn: Please specifiy a default value for "physicsPrefab" property at its declaration: 😂
    // Before:
    @property(...)
    value;

    // After:
    @property(...)
    value = 0;
